[2019-06-27 21:37:10.741] [sharedprocess] [info] main {"machineId":"a8b3297a2ac359bb603cbce5a597c133a1cc7094aac69bd95b10ed49ccaf50c3"}
[2019-06-27 21:37:10.757] [sharedprocess] [info] Scanned user extensions: 0
[2019-06-27 21:37:10.766] [sharedprocess] [info] Scanned user extensions: 0
[2019-06-27 21:37:10.769] [sharedprocess] [info] Scanned user extensions: 0
[2019-06-27 21:37:10.834] [sharedprocess] [info] Scanned system extensions: 72
[2019-06-27 21:37:10.837] [sharedprocess] [info] Scanned system extensions: 72
[2019-06-27 21:37:10.840] [sharedprocess] [info] Scanned system extensions: 72
[2019-06-27 21:37:10.858] [sharedprocess] [info] Scanned user extensions: 0
[2019-06-27 21:37:10.880] [sharedprocess] [info] Scanned system extensions: 72
[2019-06-27 21:37:11.268] [sharedprocess] [info] Scanned user extensions: 0
[2019-06-27 21:37:19.546] [sharedprocess] [info] Scanned user extensions: 0
[2019-06-27 21:37:19.575] [sharedprocess] [info] Scanned user extensions: 0
[2019-06-27 21:37:19.576] [sharedprocess] [info] Scanned user extensions: 0
[2019-06-27 21:37:19.594] [sharedprocess] [info] Scanned user extensions: 0
[2019-06-27 21:37:19.681] [sharedprocess] [info] Scanned system extensions: 72
[2019-06-27 21:37:19.684] [sharedprocess] [info] Scanned system extensions: 72
[2019-06-27 21:37:19.687] [sharedprocess] [info] Scanned system extensions: 72
[2019-06-27 21:37:19.731] [sharedprocess] [info] Scanned user extensions: 0
[2019-06-27 21:37:19.733] [sharedprocess] [info] Scanned user extensions: 0
[2019-06-27 21:37:19.735] [sharedprocess] [info] Scanned user extensions: 0
[2019-06-27 21:37:19.801] [sharedprocess] [info] Scanned system extensions: 72
[2019-06-27 21:37:19.803] [sharedprocess] [info] Scanned system extensions: 72
[2019-06-27 21:37:19.806] [sharedprocess] [info] Scanned system extensions: 72
[2019-06-27 21:37:25.468] [sharedprocess] [info] Installing extension: ritwickdey.liveserver
[2019-06-27 21:37:25.471] [sharedprocess] [info] Scanned user extensions: 0
[2019-06-27 21:37:34.640] [sharedprocess] [info] Downloaded extension: ritwickdey.liveserver /tmp/f7e4ba5f-535e-4411-bfc6-ab05f7837461
[2019-06-27 21:37:36.626] [sharedprocess] [info] Extracted extension to /home/skywalker/.vscode-oss/extensions/.ritwickdey.liveserver-5.6.1: ritwickdey.liveserver
[2019-06-27 21:37:36.627] [sharedprocess] [info] Renamed to /home/skywalker/.vscode-oss/extensions/ritwickdey.liveserver-5.6.1
[2019-06-27 21:37:36.628] [sharedprocess] [info] Installation completed. ritwickdey.liveserver
[2019-06-27 21:37:36.726] [sharedprocess] [info] Extensions installed successfully: ritwickdey.liveserver
[2019-06-27 21:37:50.717] [sharedprocess] [info] Starting to clean up unused language packs.
