[2019-07-18 18:49:38.954] [renderer1] [error] Invalid guestInstanceId: null: Error: Invalid guestInstanceId: null
    at Object.getGuestForWebContents (/usr/lib/electron4/resources/electron.asar/browser/guest-view-manager.js:425:11)
    at /usr/lib/electron4/resources/electron.asar/browser/rpc-server.js:444:34
    at EventEmitter.ipcMain.on.args (/usr/lib/electron4/resources/electron.asar/browser/rpc-server.js:273:21)
    at EventEmitter.emit (events.js:182:13)
    at WebContents.<anonymous> (/usr/lib/electron4/resources/electron.asar/browser/api/web-contents.js:368:21)
    at WebContents.emit (events.js:182:13)
[2019-07-18 18:50:18.217] [renderer1] [error] Invalid guestInstanceId: null: Error: Invalid guestInstanceId: null
    at Object.getGuestForWebContents (/usr/lib/electron4/resources/electron.asar/browser/guest-view-manager.js:425:11)
    at /usr/lib/electron4/resources/electron.asar/browser/rpc-server.js:444:34
    at EventEmitter.ipcMain.on.args (/usr/lib/electron4/resources/electron.asar/browser/rpc-server.js:273:21)
    at EventEmitter.emit (events.js:182:13)
    at WebContents.<anonymous> (/usr/lib/electron4/resources/electron.asar/browser/api/web-contents.js:368:21)
    at WebContents.emit (events.js:182:13)
[2019-07-18 18:50:40.932] [renderer1] [error] Invalid guestInstanceId: null: Error: Invalid guestInstanceId: null
    at Object.getGuestForWebContents (/usr/lib/electron4/resources/electron.asar/browser/guest-view-manager.js:425:11)
    at /usr/lib/electron4/resources/electron.asar/browser/rpc-server.js:444:34
    at EventEmitter.ipcMain.on.args (/usr/lib/electron4/resources/electron.asar/browser/rpc-server.js:273:21)
    at EventEmitter.emit (events.js:182:13)
    at WebContents.<anonymous> (/usr/lib/electron4/resources/electron.asar/browser/api/web-contents.js:368:21)
    at WebContents.emit (events.js:182:13)
[2019-07-18 18:51:33.876] [renderer1] [error] Invalid guestInstanceId: null: Error: Invalid guestInstanceId: null
    at Object.getGuestForWebContents (/usr/lib/electron4/resources/electron.asar/browser/guest-view-manager.js:425:11)
    at /usr/lib/electron4/resources/electron.asar/browser/rpc-server.js:444:34
    at EventEmitter.ipcMain.on.args (/usr/lib/electron4/resources/electron.asar/browser/rpc-server.js:273:21)
    at EventEmitter.emit (events.js:182:13)
    at WebContents.<anonymous> (/usr/lib/electron4/resources/electron.asar/browser/api/web-contents.js:368:21)
    at WebContents.emit (events.js:182:13)
[2019-07-18 18:51:47.674] [renderer1] [error] Invalid guestInstanceId: null: Error: Invalid guestInstanceId: null
    at Object.getGuestForWebContents (/usr/lib/electron4/resources/electron.asar/browser/guest-view-manager.js:425:11)
    at /usr/lib/electron4/resources/electron.asar/browser/rpc-server.js:444:34
    at EventEmitter.ipcMain.on.args (/usr/lib/electron4/resources/electron.asar/browser/rpc-server.js:273:21)
    at EventEmitter.emit (events.js:182:13)
    at WebContents.<anonymous> (/usr/lib/electron4/resources/electron.asar/browser/api/web-contents.js:368:21)
    at WebContents.emit (events.js:182:13)
